{
  "RSpec": {
    "coverage": {
      "/Users/samuelcox/turing_work/3mod/lunch-and-learn/spec/requests/api/v1/recipes_spec.rb": {
        "lines": [
          1,
          null,
          1,
          1,
          1,
          1,
          1,
          null,
          1,
          null,
          1,
          null,
          1,
          null,
          1,
          20,
          20,
          20,
          20,
          20,
          20,
          null,
          null,
          null,
          1,
          1,
          null,
          1,
          null,
          1,
          null,
          1,
          null,
          1,
          null,
          1,
          20,
          20,
          20,
          20,
          20,
          20,
          null,
          null,
          null,
          1,
          1,
          null,
          1,
          null,
          1,
          null,
          1,
          null,
          null,
          null,
          null
        ]
      },
      "/Users/samuelcox/turing_work/3mod/lunch-and-learn/app/controllers/api/v1/learning_resources_controller.rb": {
        "lines": [
          1,
          1,
          2,
          1,
          1,
          null,
          1,
          null,
          null,
          null,
          1,
          null,
          1,
          1,
          null,
          null
        ]
      },
      "/Users/samuelcox/turing_work/3mod/lunch-and-learn/app/controllers/application_controller.rb": {
        "lines": [
          1,
          1,
          1,
          null,
          1,
          0,
          null,
          null,
          1,
          1,
          null,
          null
        ]
      },
      "/Users/samuelcox/turing_work/3mod/lunch-and-learn/app/errors/bad_data_error.rb": {
        "lines": [
          1,
          null
        ]
      },
      "/Users/samuelcox/turing_work/3mod/lunch-and-learn/app/facades/learning_resource_facade.rb": {
        "lines": [
          1,
          1,
          1,
          1,
          1,
          null,
          null,
          1,
          1,
          1,
          1,
          1,
          1,
          null,
          null,
          1,
          1,
          1,
          10,
          10,
          10,
          10,
          null,
          null,
          null
        ]
      },
      "/Users/samuelcox/turing_work/3mod/lunch-and-learn/app/services/video_service.rb": {
        "lines": [
          1,
          1,
          1,
          1,
          1,
          null,
          null,
          null,
          1,
          1,
          1,
          1,
          null,
          1,
          null,
          null
        ]
      },
      "/Users/samuelcox/turing_work/3mod/lunch-and-learn/app/services/image_service.rb": {
        "lines": [
          1,
          1,
          1,
          1,
          null,
          null,
          null,
          1,
          1,
          1,
          null,
          1,
          null,
          null
        ]
      },
      "/Users/samuelcox/turing_work/3mod/lunch-and-learn/app/poros/learning_resource.rb": {
        "lines": [
          1,
          1,
          1,
          1,
          1,
          1,
          1,
          null,
          null
        ]
      },
      "/Users/samuelcox/turing_work/3mod/lunch-and-learn/app/serializers/learning_resource_serializer.rb": {
        "lines": [
          1,
          1,
          1,
          null
        ]
      },
      "/Users/samuelcox/turing_work/3mod/lunch-and-learn/app/serializers/error_serializer.rb": {
        "lines": [
          1,
          1,
          null,
          1,
          null,
          null,
          null,
          null,
          null,
          1,
          null,
          0,
          null,
          null,
          null
        ]
      },
      "/Users/samuelcox/turing_work/3mod/lunch-and-learn/app/poros/error.rb": {
        "lines": [
          1,
          1,
          null,
          1,
          1,
          1,
          null,
          null,
          1,
          1,
          0,
          1,
          0,
          null,
          1,
          null,
          null,
          null,
          1,
          null,
          1,
          null,
          null,
          null,
          null,
          null,
          null
        ]
      },
      "/Users/samuelcox/turing_work/3mod/lunch-and-learn/app/controllers/api/v1/recipes_controller.rb": {
        "lines": [
          1,
          1,
          3,
          3,
          3,
          null,
          null,
          1,
          null,
          1,
          6,
          null,
          null
        ]
      },
      "/Users/samuelcox/turing_work/3mod/lunch-and-learn/app/facades/recipe_facade.rb": {
        "lines": [
          1,
          1,
          3,
          3,
          40,
          null,
          null,
          null
        ]
      },
      "/Users/samuelcox/turing_work/3mod/lunch-and-learn/app/services/recipe_service.rb": {
        "lines": [
          1,
          1,
          3,
          3,
          3,
          null,
          null,
          null,
          1,
          3,
          3,
          null,
          3,
          null,
          null
        ]
      },
      "/Users/samuelcox/turing_work/3mod/lunch-and-learn/app/poros/recipe.rb": {
        "lines": [
          1,
          1,
          1,
          40,
          40,
          40,
          40,
          40,
          null,
          null
        ]
      },
      "/Users/samuelcox/turing_work/3mod/lunch-and-learn/app/serializers/recipe_serializer.rb": {
        "lines": [
          1,
          1,
          1,
          null
        ]
      },
      "/Users/samuelcox/turing_work/3mod/lunch-and-learn/app/facades/country_facade.rb": {
        "lines": [
          1,
          1,
          1,
          250,
          null,
          1,
          null,
          null
        ]
      },
      "/Users/samuelcox/turing_work/3mod/lunch-and-learn/app/services/country_service.rb": {
        "lines": [
          1,
          1,
          1,
          null,
          null,
          1,
          1,
          1,
          null,
          null
        ]
      }
    },
    "timestamp": 1677962996
  }
}
